TN:
SF:src/App.tsx
FN:8,App
FNF:1
FNH:0
FNDA:0,App
DA:9,0
LF:1
LH:0
BRF:0
BRH:0
end_of_record
TN:
SF:src/main.tsx
FNF:0
FNH:0
DA:6,0
LF:1
LH:0
BRF:0
BRH:0
end_of_record
TN:
SF:src/app/hooks.ts
FN:4,(anonymous_0)
FNF:1
FNH:1
FNDA:198,(anonymous_0)
DA:4,198
DA:5,2
LF:2
LH:2
BRF:0
BRH:0
end_of_record
TN:
SF:src/app/store.ts
FNF:0
FNH:0
DA:10,0
LF:1
LH:0
BRF:0
BRH:0
end_of_record
TN:
SF:src/components/layout/SplitPane.tsx
FN:13,SplitPane
FN:25,(anonymous_1)
FN:29,(anonymous_2)
FN:44,(anonymous_3)
FN:48,(anonymous_4)
FN:56,(anonymous_5)
FNF:6
FNH:3
FNDA:20,SplitPane
FNDA:0,(anonymous_1)
FNDA:0,(anonymous_2)
FNDA:0,(anonymous_3)
FNDA:20,(anonymous_4)
FNDA:20,(anonymous_5)
DA:21,20
DA:22,20
DA:23,20
DA:25,20
DA:26,0
DA:29,20
DA:31,0
DA:33,0
DA:34,0
DA:36,0
DA:37,0
DA:38,0
DA:44,20
DA:45,0
DA:48,20
DA:49,20
DA:50,0
DA:51,0
DA:52,0
DA:53,0
DA:56,20
DA:57,20
DA:58,20
DA:59,20
DA:60,20
DA:64,20
LF:26
LH:14
BRDA:16,0,0,20
BRDA:17,1,0,20
BRDA:18,2,0,20
BRDA:31,3,0,0
BRDA:31,3,1,0
BRDA:31,4,0,0
BRDA:31,4,1,0
BRDA:36,5,0,0
BRDA:36,5,1,0
BRDA:36,6,0,0
BRDA:36,6,1,0
BRDA:49,7,0,0
BRDA:49,7,1,20
BRDA:75,8,0,0
BRDA:75,8,1,20
BRDA:82,9,0,0
BRDA:82,9,1,20
BRF:17
BRH:6
end_of_record
TN:
SF:src/components/ui/badge.tsx
FN:8,Badge
FNF:1
FNH:1
FNDA:109,Badge
DA:9,109
DA:16,109
LF:2
LH:2
BRDA:8,0,0,109
BRF:1
BRH:1
end_of_record
TN:
SF:src/components/ui/button.tsx
FN:6,cn
FN:40,(anonymous_1)
FNF:2
FNH:2
FNDA:8078,cn
FNDA:1609,(anonymous_1)
DA:7,8078
DA:10,4
DA:40,4
DA:42,1609
DA:51,4
LF:5
LH:5
BRF:0
BRH:0
end_of_record
TN:
SF:src/components/ui/card.tsx
FN:6,(anonymous_0)
FN:20,(anonymous_1)
FN:31,(anonymous_2)
FN:42,(anonymous_3)
FN:53,(anonymous_4)
FN:60,(anonymous_5)
FNF:6
FNH:4
FNDA:990,(anonymous_0)
FNDA:990,(anonymous_1)
FNDA:990,(anonymous_2)
FNDA:0,(anonymous_3)
FNDA:990,(anonymous_4)
FNDA:0,(anonymous_5)
DA:6,2
DA:8,990
DA:18,2
DA:20,2
DA:22,990
DA:29,2
DA:31,2
DA:33,990
DA:40,2
DA:42,2
DA:44,0
DA:51,2
DA:53,2
DA:55,990
DA:58,2
DA:60,2
DA:62,0
DA:69,2
LF:18
LH:16
BRF:0
BRH:0
end_of_record
TN:
SF:src/components/ui/input.tsx
FN:6,(anonymous_0)
FNF:1
FNH:1
FNDA:1608,(anonymous_0)
DA:6,3
DA:8,1608
DA:21,3
LF:3
LH:3
BRF:0
BRH:0
end_of_record
TN:
SF:src/components/ui/select.tsx
FN:8,(anonymous_0)
FN:19,(anonymous_1)
FNF:2
FNH:2
FNDA:198,(anonymous_0)
FNDA:792,(anonymous_1)
DA:8,2
DA:10,198
DA:20,792
DA:28,2
LF:4
LH:4
BRF:0
BRH:0
end_of_record
TN:
SF:src/components/ui/textarea.tsx
FN:6,(anonymous_0)
FNF:1
FNH:1
FNDA:594,(anonymous_0)
DA:6,2
DA:8,594
DA:20,2
LF:3
LH:3
BRF:0
BRH:0
end_of_record
TN:
SF:src/features/auth/authSlice.ts
FN:21,(anonymous_0)
FN:35,(anonymous_1)
FN:49,(anonymous_2)
FN:59,(anonymous_3)
FN:63,(anonymous_4)
FN:65,(anonymous_5)
FN:69,(anonymous_6)
FN:74,(anonymous_7)
FN:78,(anonymous_8)
FN:81,(anonymous_9)
FN:86,(anonymous_10)
FN:91,(anonymous_11)
FNF:12
FNH:6
FNDA:1,(anonymous_0)
FNDA:0,(anonymous_1)
FNDA:1,(anonymous_2)
FNDA:1,(anonymous_3)
FNDA:3,(anonymous_4)
FNDA:1,(anonymous_5)
FNDA:0,(anonymous_6)
FNDA:0,(anonymous_7)
FNDA:0,(anonymous_8)
FNDA:0,(anonymous_9)
FNDA:0,(anonymous_10)
FNDA:1,(anonymous_11)
DA:12,3
DA:19,3
DA:22,1
DA:23,1
DA:24,0
DA:25,0
DA:26,0
DA:28,0
DA:33,3
DA:36,0
DA:37,0
DA:38,0
DA:39,0
DA:40,0
DA:42,0
DA:44,0
DA:49,3
DA:50,1
DA:51,1
DA:52,1
DA:55,3
DA:60,1
DA:64,3
DA:66,1
DA:67,1
DA:70,0
DA:71,0
DA:72,0
DA:75,0
DA:76,0
DA:79,0
DA:82,0
DA:83,0
DA:84,0
DA:87,0
DA:88,0
DA:89,0
DA:92,1
DA:93,1
DA:98,3
LF:40
LH:17
BRDA:38,0,0,0
BRDA:38,0,1,0
BRF:2
BRH:0
end_of_record
TN:
SF:src/features/chat/ChatPlaceholder.tsx
FN:3,ChatPlaceholder
FNF:1
FNH:1
FNDA:12,ChatPlaceholder
DA:4,12
LF:1
LH:1
BRF:0
BRH:0
end_of_record
TN:
SF:src/features/followUps/followUpsSlice.ts
FN:21,(anonymous_0)
FN:32,(anonymous_1)
FN:43,(anonymous_2)
FN:54,(anonymous_3)
FN:68,(anonymous_4)
FN:71,(anonymous_5)
FN:72,(anonymous_6)
FN:74,(anonymous_7)
FN:78,(anonymous_8)
FN:80,(anonymous_9)
FN:83,(anonymous_10)
FN:87,(anonymous_11)
FN:91,(anonymous_12)
FN:93,(anonymous_13)
FN:95,(anonymous_14)
FN:96,(anonymous_15)
FN:101,(anonymous_16)
FN:102,(anonymous_17)
FNF:18
FNH:1
FNDA:0,(anonymous_0)
FNDA:0,(anonymous_1)
FNDA:0,(anonymous_2)
FNDA:0,(anonymous_3)
FNDA:0,(anonymous_4)
FNDA:0,(anonymous_5)
FNDA:0,(anonymous_6)
FNDA:0,(anonymous_7)
FNDA:2,(anonymous_8)
FNDA:0,(anonymous_9)
FNDA:0,(anonymous_10)
FNDA:0,(anonymous_11)
FNDA:0,(anonymous_12)
FNDA:0,(anonymous_13)
FNDA:0,(anonymous_14)
FNDA:0,(anonymous_15)
FNDA:0,(anonymous_16)
FNDA:0,(anonymous_17)
DA:12,2
DA:19,2
DA:22,0
DA:23,0
DA:25,0
DA:30,2
DA:33,0
DA:34,0
DA:36,0
DA:41,2
DA:44,0
DA:45,0
DA:47,0
DA:52,2
DA:55,0
DA:56,0
DA:57,0
DA:59,0
DA:64,2
DA:69,0
DA:72,0
DA:75,0
DA:79,2
DA:81,0
DA:84,0
DA:85,0
DA:88,0
DA:89,0
DA:92,0
DA:93,0
DA:96,0
DA:97,0
DA:98,0
DA:102,0
DA:107,2
LF:35
LH:8
BRDA:97,0,0,0
BRDA:97,0,1,0
BRF:2
BRH:0
end_of_record
TN:
SF:src/features/hcps/hcpsSlice.ts
FN:25,(anonymous_0)
FN:36,(anonymous_1)
FN:47,(anonymous_2)
FN:58,(anonymous_3)
FN:69,(anonymous_4)
FN:82,(anonymous_5)
FN:84,(anonymous_6)
FN:86,(anonymous_7)
FN:90,(anonymous_8)
FN:92,(anonymous_9)
FN:96,(anonymous_10)
FN:100,(anonymous_11)
FN:104,(anonymous_12)
FN:107,(anonymous_13)
FN:110,(anonymous_14)
FN:113,(anonymous_15)
FN:114,(anonymous_16)
FNF:17
FNH:7
FNDA:41,(anonymous_0)
FNDA:0,(anonymous_1)
FNDA:0,(anonymous_2)
FNDA:0,(anonymous_3)
FNDA:0,(anonymous_4)
FNDA:2,(anonymous_5)
FNDA:1,(anonymous_6)
FNDA:1,(anonymous_7)
FNDA:3,(anonymous_8)
FNDA:41,(anonymous_9)
FNDA:0,(anonymous_10)
FNDA:18,(anonymous_11)
FNDA:0,(anonymous_12)
FNDA:0,(anonymous_13)
FNDA:0,(anonymous_14)
FNDA:0,(anonymous_15)
FNDA:0,(anonymous_16)
DA:14,3
DA:23,3
DA:26,41
DA:27,41
DA:29,18
DA:34,3
DA:37,0
DA:38,0
DA:40,0
DA:45,3
DA:48,0
DA:49,0
DA:51,0
DA:56,3
DA:59,0
DA:60,0
DA:62,0
DA:67,3
DA:70,0
DA:71,0
DA:73,0
DA:78,3
DA:83,2
DA:84,2
DA:87,1
DA:91,3
DA:93,41
DA:94,41
DA:97,0
DA:98,0
DA:101,18
DA:102,18
DA:105,0
DA:108,0
DA:111,0
DA:114,0
DA:115,0
DA:116,0
DA:122,3
LF:39
LH:19
BRDA:84,0,0,1
BRDA:84,0,1,1
BRDA:84,1,0,1
BRDA:84,1,1,0
BRDA:115,2,0,0
BRDA:115,2,1,0
BRF:6
BRH:3
end_of_record
TN:
SF:src/features/interactions/InteractionForm.tsx
FN:54,InteractionForm
FN:56,(anonymous_1)
FN:57,(anonymous_2)
FN:58,(anonymous_3)
FN:59,(anonymous_4)
FN:60,(anonymous_5)
FN:67,(anonymous_6)
FN:72,(anonymous_7)
FN:79,(anonymous_8)
FN:84,(anonymous_9)
FN:91,(anonymous_10)
FN:96,(anonymous_11)
FN:110,(anonymous_12)
FN:118,(anonymous_13)
FN:154,(anonymous_14)
FN:155,(anonymous_15)
FN:160,(anonymous_16)
FN:164,(anonymous_17)
FN:183,(anonymous_18)
FN:191,(anonymous_19)
FN:202,(anonymous_20)
FN:220,(anonymous_21)
FN:221,(anonymous_22)
FN:229,(anonymous_23)
FN:233,(anonymous_24)
FN:261,(anonymous_25)
FN:292,(anonymous_26)
FN:299,(anonymous_27)
FN:303,(anonymous_28)
FN:316,(anonymous_29)
FN:323,(anonymous_30)
FN:342,(anonymous_31)
FN:347,(anonymous_32)
FN:353,(anonymous_33)
FN:362,(anonymous_34)
FN:372,(anonymous_35)
FN:399,(anonymous_36)
FN:407,(anonymous_37)
FN:422,(anonymous_38)
FN:452,(anonymous_39)
FNF:40
FNH:19
FNDA:198,InteractionForm
FNDA:421,(anonymous_1)
FNDA:421,(anonymous_2)
FNDA:421,(anonymous_3)
FNDA:421,(anonymous_4)
FNDA:421,(anonymous_5)
FNDA:41,(anonymous_6)
FNDA:0,(anonymous_7)
FNDA:0,(anonymous_8)
FNDA:2,(anonymous_9)
FNDA:0,(anonymous_10)
FNDA:0,(anonymous_11)
FNDA:0,(anonymous_12)
FNDA:1,(anonymous_13)
FNDA:0,(anonymous_14)
FNDA:0,(anonymous_15)
FNDA:0,(anonymous_16)
FNDA:0,(anonymous_17)
FNDA:1,(anonymous_18)
FNDA:0,(anonymous_19)
FNDA:0,(anonymous_20)
FNDA:16,(anonymous_21)
FNDA:17,(anonymous_22)
FNDA:8,(anonymous_23)
FNDA:1,(anonymous_24)
FNDA:37,(anonymous_25)
FNDA:0,(anonymous_26)
FNDA:0,(anonymous_27)
FNDA:0,(anonymous_28)
FNDA:2,(anonymous_29)
FNDA:0,(anonymous_30)
FNDA:0,(anonymous_31)
FNDA:0,(anonymous_32)
FNDA:0,(anonymous_33)
FNDA:0,(anonymous_34)
FNDA:0,(anonymous_35)
FNDA:594,(anonymous_36)
FNDA:2,(anonymous_37)
FNDA:36,(anonymous_38)
FNDA:0,(anonymous_39)
DA:41,2
DA:48,2
DA:55,198
DA:56,421
DA:57,421
DA:58,421
DA:59,421
DA:60,421
DA:62,198
DA:63,198
DA:64,198
DA:65,198
DA:67,198
DA:68,41
DA:69,41
DA:72,198
DA:73,0
DA:74,0
DA:75,0
DA:79,198
DA:80,0
DA:81,0
DA:84,198
DA:85,2
DA:86,2
DA:87,2
DA:91,198
DA:92,0
DA:93,0
DA:96,198
DA:97,0
DA:98,0
DA:105,0
DA:106,0
DA:110,198
DA:111,0
DA:114,198
DA:118,1
DA:154,0
DA:155,0
DA:161,0
DA:164,0
DA:183,1
DA:191,0
DA:203,0
DA:204,0
DA:220,16
DA:221,17
DA:230,8
DA:233,1
DA:261,37
DA:292,0
DA:300,0
DA:303,0
DA:317,2
DA:323,0
DA:342,0
DA:347,0
DA:353,0
DA:363,0
DA:372,0
DA:400,594
DA:407,2
DA:422,36
DA:453,0
LF:65
LH:36
BRDA:73,0,0,0
BRDA:73,0,1,0
BRDA:85,1,0,2
BRDA:85,1,1,0
BRDA:97,2,0,0
BRDA:97,2,1,0
BRDA:122,3,0,198
BRDA:122,3,1,101
BRDA:153,4,0,198
BRDA:153,4,1,194
BRDA:155,5,0,0
BRDA:155,5,1,0
BRDA:158,6,0,198
BRDA:158,6,1,0
BRDA:158,6,2,0
BRDA:182,7,0,198
BRDA:182,7,1,0
BRDA:190,8,0,198
BRDA:190,8,1,193
BRDA:201,9,0,198
BRDA:201,9,1,193
BRDA:203,10,0,0
BRDA:203,10,1,0
BRDA:210,11,0,198
BRDA:210,11,1,0
BRDA:221,12,0,17
BRDA:221,12,1,1
BRDA:227,13,0,198
BRDA:227,13,1,198
BRDA:227,13,2,8
BRDA:260,14,0,198
BRDA:260,14,1,153
BRDA:297,15,0,198
BRDA:297,15,1,0
BRDA:314,16,0,2
BRDA:314,16,1,196
BRDA:314,17,0,198
BRDA:314,17,1,2
BRDA:353,18,0,0
BRDA:353,18,1,0
BRDA:360,19,0,0
BRDA:360,19,1,198
BRDA:360,20,0,198
BRDA:360,20,1,0
BRDA:369,21,0,0
BRDA:369,21,1,0
BRDA:403,22,0,10
BRDA:403,22,1,584
BRDA:421,23,0,198
BRDA:421,23,1,158
BRDA:450,24,0,0
BRDA:450,24,1,198
BRF:52
BRH:31
end_of_record
TN:
SF:src/features/interactions/interactionsSlice.ts
FN:38,(anonymous_0)
FN:49,(anonymous_1)
FN:60,(anonymous_2)
FN:71,(anonymous_3)
FN:84,(anonymous_4)
FN:87,(anonymous_5)
FN:94,(anonymous_6)
FN:99,(anonymous_7)
FN:103,(anonymous_8)
FN:108,(anonymous_9)
FN:112,(anonymous_10)
FN:119,(anonymous_11)
FN:125,(anonymous_12)
FN:132,(anonymous_13)
FN:134,(anonymous_14)
FN:138,(anonymous_15)
FN:145,(anonymous_16)
FN:147,(anonymous_17)
FN:151,(anonymous_18)
FN:158,(anonymous_19)
FN:160,(anonymous_20)
FN:164,(anonymous_21)
FN:170,(anonymous_22)
FN:174,(anonymous_23)
FN:176,(anonymous_24)
FN:180,(anonymous_25)
FN:184,(anonymous_26)
FN:188,(anonymous_27)
FN:193,(anonymous_28)
FN:196,(anonymous_29)
FN:204,(anonymous_30)
FN:208,(anonymous_31)
FN:211,(anonymous_32)
FN:213,(anonymous_33)
FN:221,(anonymous_34)
FNF:35
FNH:14
FNDA:0,(anonymous_0)
FNDA:0,(anonymous_1)
FNDA:0,(anonymous_2)
FNDA:0,(anonymous_3)
FNDA:1,(anonymous_4)
FNDA:1,(anonymous_5)
FNDA:75,(anonymous_6)
FNDA:1,(anonymous_7)
FNDA:2,(anonymous_8)
FNDA:3,(anonymous_9)
FNDA:3,(anonymous_10)
FNDA:2,(anonymous_11)
FNDA:2,(anonymous_12)
FNDA:1,(anonymous_13)
FNDA:1,(anonymous_14)
FNDA:0,(anonymous_15)
FNDA:0,(anonymous_16)
FNDA:0,(anonymous_17)
FNDA:0,(anonymous_18)
FNDA:0,(anonymous_19)
FNDA:0,(anonymous_20)
FNDA:2,(anonymous_21)
FNDA:1,(anonymous_22)
FNDA:3,(anonymous_23)
FNDA:0,(anonymous_24)
FNDA:0,(anonymous_25)
FNDA:0,(anonymous_26)
FNDA:0,(anonymous_27)
FNDA:0,(anonymous_28)
FNDA:0,(anonymous_29)
FNDA:0,(anonymous_30)
FNDA:0,(anonymous_31)
FNDA:0,(anonymous_32)
FNDA:0,(anonymous_33)
FNDA:0,(anonymous_34)
DA:16,3
DA:25,3
DA:36,3
DA:39,0
DA:40,0
DA:42,0
DA:47,3
DA:50,0
DA:51,0
DA:53,0
DA:58,3
DA:61,0
DA:62,0
DA:64,0
DA:69,3
DA:72,0
DA:73,0
DA:75,0
DA:80,3
DA:85,1
DA:86,1
DA:87,1
DA:89,1
DA:92,1
DA:95,75
DA:96,75
DA:97,75
DA:100,1
DA:101,1
DA:104,2
DA:105,2
DA:106,2
DA:109,3
DA:110,3
DA:113,3
DA:114,0
DA:116,3
DA:117,3
DA:120,2
DA:121,2
DA:122,2
DA:126,2
DA:127,2
DA:129,2
DA:130,2
DA:133,1
DA:134,1
DA:135,1
DA:139,0
DA:140,0
DA:142,0
DA:143,0
DA:146,0
DA:147,0
DA:148,0
DA:152,0
DA:153,0
DA:155,0
DA:156,0
DA:159,0
DA:160,0
DA:161,0
DA:165,2
DA:166,2
DA:167,2
DA:168,2
DA:171,1
DA:175,3
DA:177,0
DA:178,0
DA:181,0
DA:182,0
DA:185,0
DA:186,0
DA:189,0
DA:190,0
DA:191,0
DA:194,0
DA:197,0
DA:198,0
DA:199,0
DA:200,0
DA:201,0
DA:202,0
DA:205,0
DA:206,0
DA:209,0
DA:212,0
DA:213,0
DA:214,0
DA:215,0
DA:217,0
DA:218,0
DA:219,0
DA:222,0
DA:223,0
DA:244,3
LF:97
LH:42
BRDA:86,0,0,1
BRDA:86,0,1,0
BRDA:87,1,0,1
BRDA:87,1,1,0
BRDA:89,2,0,1
BRDA:89,2,1,0
BRDA:113,3,0,0
BRDA:113,3,1,3
BRDA:120,4,0,2
BRDA:120,4,1,0
BRDA:126,5,0,2
BRDA:126,5,1,0
BRDA:133,6,0,1
BRDA:133,6,1,0
BRDA:139,7,0,0
BRDA:139,7,1,0
BRDA:146,8,0,0
BRDA:146,8,1,0
BRDA:152,9,0,0
BRDA:152,9,1,0
BRDA:159,10,0,0
BRDA:159,10,1,0
BRDA:214,11,0,0
BRDA:214,11,1,0
BRF:24
BRH:7
end_of_record
TN:
SF:src/features/materials/materialsSlice.ts
FN:19,(anonymous_0)
FN:30,(anonymous_1)
FN:43,(anonymous_2)
FN:45,(anonymous_3)
FN:48,(anonymous_4)
FN:52,(anonymous_5)
FN:56,(anonymous_6)
FNF:7
FNH:4
FNDA:41,(anonymous_0)
FNDA:0,(anonymous_1)
FNDA:2,(anonymous_2)
FNDA:41,(anonymous_3)
FNDA:0,(anonymous_4)
FNDA:18,(anonymous_5)
FNDA:0,(anonymous_6)
DA:11,2
DA:17,2
DA:20,41
DA:21,41
DA:23,18
DA:28,2
DA:31,0
DA:32,0
DA:34,0
DA:39,2
DA:44,2
DA:46,41
DA:49,0
DA:50,0
DA:53,18
DA:54,18
DA:57,0
LF:17
LH:11
BRF:0
BRH:0
end_of_record
TN:
SF:src/features/samples/samplesSlice.ts
FN:19,(anonymous_0)
FN:30,(anonymous_1)
FN:41,(anonymous_2)
FN:55,(anonymous_3)
FN:57,(anonymous_4)
FN:60,(anonymous_5)
FN:64,(anonymous_6)
FN:68,(anonymous_7)
FN:71,(anonymous_8)
FN:72,(anonymous_9)
FNF:10
FNH:0
FNDA:0,(anonymous_0)
FNDA:0,(anonymous_1)
FNDA:0,(anonymous_2)
FNDA:0,(anonymous_3)
FNDA:0,(anonymous_4)
FNDA:0,(anonymous_5)
FNDA:0,(anonymous_6)
FNDA:0,(anonymous_7)
FNDA:0,(anonymous_8)
FNDA:0,(anonymous_9)
DA:11,0
DA:17,0
DA:20,0
DA:21,0
DA:23,0
DA:28,0
DA:31,0
DA:32,0
DA:34,0
DA:39,0
DA:42,0
DA:43,0
DA:44,0
DA:46,0
DA:51,0
DA:56,0
DA:58,0
DA:61,0
DA:62,0
DA:65,0
DA:66,0
DA:69,0
DA:72,0
LF:23
LH:0
BRF:0
BRH:0
end_of_record
TN:
SF:src/features/ui/uiSlice.ts
FN:28,(anonymous_0)
FN:31,(anonymous_1)
FN:34,(anonymous_2)
FN:38,(anonymous_3)
FN:39,(anonymous_4)
FN:41,(anonymous_5)
FNF:6
FNH:6
FNDA:3,(anonymous_0)
FNDA:3,(anonymous_1)
FNDA:5,(anonymous_2)
FNDA:1,(anonymous_3)
FNDA:1,(anonymous_4)
FNDA:2,(anonymous_5)
DA:17,3
DA:24,3
DA:29,3
DA:32,3
DA:35,5
DA:36,5
DA:39,1
DA:42,2
DA:53,3
LF:9
LH:9
BRF:0
BRH:0
end_of_record
TN:
SF:src/services/api.ts
FN:11,(anonymous_0)
FN:15,(anonymous_1)
FN:38,(anonymous_2)
FN:46,(anonymous_3)
FN:58,(anonymous_4)
FN:63,(anonymous_5)
FN:68,(anonymous_6)
FN:72,(anonymous_7)
FN:76,(anonymous_8)
FN:80,(anonymous_9)
FN:85,(anonymous_10)
FN:93,(anonymous_11)
FN:97,(anonymous_12)
FN:101,(anonymous_13)
FN:105,(anonymous_14)
FN:110,(anonymous_15)
FN:115,(anonymous_16)
FN:119,(anonymous_17)
FN:124,(anonymous_18)
FN:129,(anonymous_19)
FN:133,(anonymous_20)
FN:138,(anonymous_21)
FN:143,(anonymous_22)
FN:147,(anonymous_23)
FN:151,(anonymous_24)
FNF:25
FNH:7
FNDA:12,(anonymous_0)
FNDA:90,(anonymous_1)
FNDA:0,(anonymous_2)
FNDA:3,(anonymous_3)
FNDA:0,(anonymous_4)
FNDA:44,(anonymous_5)
FNDA:0,(anonymous_6)
FNDA:0,(anonymous_7)
FNDA:0,(anonymous_8)
FNDA:0,(anonymous_9)
FNDA:1,(anonymous_10)
FNDA:0,(anonymous_11)
FNDA:1,(anonymous_12)
FNDA:0,(anonymous_13)
FNDA:0,(anonymous_14)
FNDA:41,(anonymous_15)
FNDA:0,(anonymous_16)
FNDA:0,(anonymous_17)
FNDA:0,(anonymous_18)
FNDA:0,(anonymous_19)
FNDA:0,(anonymous_20)
FNDA:0,(anonymous_21)
FNDA:0,(anonymous_22)
FNDA:0,(anonymous_23)
FNDA:0,(anonymous_24)
DA:6,6
DA:9,6
DA:12,12
DA:19,90
DA:23,90
DA:24,1
DA:27,90
DA:28,0
DA:29,0
DA:32,90
DA:37,7
DA:38,1
DA:39,1
DA:42,6
DA:47,3
DA:51,1
DA:52,1
DA:59,0
DA:64,44
DA:65,44
DA:69,0
DA:73,0
DA:77,0
DA:81,0
DA:86,1
DA:87,1
DA:88,1
DA:89,1
DA:90,1
DA:94,0
DA:98,1
DA:102,0
DA:106,0
DA:111,41
DA:112,41
DA:116,0
DA:120,0
DA:125,0
DA:126,0
DA:130,0
DA:134,0
DA:139,0
DA:140,0
DA:144,0
DA:148,0
DA:152,0
DA:156,6
LF:47
LH:26
BRDA:6,0,0,6
BRDA:6,0,1,0
BRDA:17,1,0,90
BRDA:23,2,0,1
BRDA:23,2,1,89
BRDA:27,3,0,0
BRDA:27,3,1,90
BRDA:37,4,0,1
BRDA:37,4,1,6
BRDA:39,5,0,1
BRDA:39,5,1,0
BRDA:53,6,0,1
BRDA:53,6,1,0
BRDA:64,7,0,1
BRDA:64,7,1,43
BRDA:87,8,0,1
BRDA:87,8,1,0
BRDA:88,9,0,1
BRDA:88,9,1,0
BRDA:89,10,0,1
BRDA:89,10,1,0
BRDA:111,11,0,0
BRDA:111,11,1,41
BRDA:125,12,0,0
BRDA:125,12,1,0
BRDA:139,13,0,0
BRDA:139,13,1,0
BRF:27
BRH:15
end_of_record
TN:
SF:src/types/index.ts
FNF:0
FNH:0
LF:0
LH:0
BRF:0
BRH:0
end_of_record
